{"D:\\05_Professional\\02_Formation\\01_NextJS\\00_project-1\\src\\index.js": {"path":"D:\\05_Professional\\02_Formation\\01_NextJS\\00_project-1\\src\\index.js","statementMap":{"0":{"start":{"line":7,"column":13},"end":{"line":7,"column":65}},"1":{"start":{"line":8,"column":0},"end":{"line":12,"column":2}}},"fnMap":{},"branchMap":{},"s":{"0":0,"1":0},"f":{},"b":{}}
,"D:\\05_Professional\\02_Formation\\01_NextJS\\00_project-1\\src\\components\\Button\\index.jsx": {"path":"D:\\05_Professional\\02_Formation\\01_NextJS\\00_project-1\\src\\components\\Button\\index.jsx","statementMap":{"0":{"start":{"line":4,"column":22},"end":{"line":8,"column":1}},"1":{"start":{"line":5,"column":2},"end":{"line":7,"column":11}},"2":{"start":{"line":10,"column":0},"end":{"line":12,"column":2}},"3":{"start":{"line":14,"column":0},"end":{"line":18,"column":2}}},"fnMap":{"0":{"name":"(anonymous_0)","decl":{"start":{"line":4,"column":22},"end":{"line":4,"column":23}},"loc":{"start":{"line":5,"column":2},"end":{"line":7,"column":11}},"line":5}},"branchMap":{"0":{"loc":{"start":{"line":4,"column":40},"end":{"line":4,"column":56}},"type":"default-arg","locations":[{"start":{"line":4,"column":51},"end":{"line":4,"column":56}}],"line":4}},"s":{"0":1,"1":5,"2":1,"3":1},"f":{"0":5},"b":{"0":[2]},"_coverageSchema":"1a1c01bbd47fc00a2c39e90264f33305004495a9","hash":"5563586b78daa0cf6826dd89f14b43e2002580e4"}
,"D:\\05_Professional\\02_Formation\\01_NextJS\\00_project-1\\src\\components\\PostCard\\index.jsx": {"path":"D:\\05_Professional\\02_Formation\\01_NextJS\\00_project-1\\src\\components\\PostCard\\index.jsx","statementMap":{"0":{"start":{"line":4,"column":24},"end":{"line":12,"column":1}},"1":{"start":{"line":5,"column":2},"end":{"line":11,"column":8}},"2":{"start":{"line":14,"column":0},"end":{"line":19,"column":2}}},"fnMap":{"0":{"name":"(anonymous_0)","decl":{"start":{"line":4,"column":24},"end":{"line":4,"column":25}},"loc":{"start":{"line":5,"column":2},"end":{"line":11,"column":8}},"line":5}},"branchMap":{},"s":{"0":2,"1":8,"2":2},"f":{"0":8},"b":{},"_coverageSchema":"1a1c01bbd47fc00a2c39e90264f33305004495a9","hash":"83007ebfc3c8f855762b3bded8101213f2976738"}
,"D:\\05_Professional\\02_Formation\\01_NextJS\\00_project-1\\src\\components\\PostCard\\mock.js": {"path":"D:\\05_Professional\\02_Formation\\01_NextJS\\00_project-1\\src\\components\\PostCard\\mock.js","statementMap":{"0":{"start":{"line":1,"column":33},"end":{"line":6,"column":1}}},"fnMap":{},"branchMap":{},"s":{"0":1},"f":{},"b":{},"_coverageSchema":"1a1c01bbd47fc00a2c39e90264f33305004495a9","hash":"08eb7a9c6cc0c187789bcc9cd2a58299136032c3"}
,"D:\\05_Professional\\02_Formation\\01_NextJS\\00_project-1\\src\\components\\Posts\\index.jsx": {"path":"D:\\05_Professional\\02_Formation\\01_NextJS\\00_project-1\\src\\components\\Posts\\index.jsx","statementMap":{"0":{"start":{"line":5,"column":21},"end":{"line":11,"column":1}},"1":{"start":{"line":6,"column":2},"end":{"line":10,"column":8}},"2":{"start":{"line":8,"column":6},"end":{"line":8,"column":100}},"3":{"start":{"line":13,"column":0},"end":{"line":15,"column":2}},"4":{"start":{"line":16,"column":0},"end":{"line":25,"column":2}}},"fnMap":{"0":{"name":"(anonymous_0)","decl":{"start":{"line":5,"column":21},"end":{"line":5,"column":22}},"loc":{"start":{"line":6,"column":2},"end":{"line":10,"column":8}},"line":6},"1":{"name":"(anonymous_1)","decl":{"start":{"line":7,"column":15},"end":{"line":7,"column":16}},"loc":{"start":{"line":8,"column":6},"end":{"line":8,"column":100}},"line":8}},"branchMap":{"0":{"loc":{"start":{"line":5,"column":24},"end":{"line":5,"column":34}},"type":"default-arg","locations":[{"start":{"line":5,"column":32},"end":{"line":5,"column":34}}],"line":5}},"s":{"0":1,"1":3,"2":6,"3":1,"4":1},"f":{"0":3,"1":6},"b":{"0":[0]},"_coverageSchema":"1a1c01bbd47fc00a2c39e90264f33305004495a9","hash":"fcfcf5aec702ddcedb727af6d8e834342735a0a7"}
,"D:\\05_Professional\\02_Formation\\01_NextJS\\00_project-1\\src\\components\\TextInput\\index.jsx": {"path":"D:\\05_Professional\\02_Formation\\01_NextJS\\00_project-1\\src\\components\\TextInput\\index.jsx","statementMap":{"0":{"start":{"line":4,"column":25},"end":{"line":14,"column":1}},"1":{"start":{"line":5,"column":2},"end":{"line":13,"column":4}},"2":{"start":{"line":16,"column":0},"end":{"line":19,"column":2}}},"fnMap":{"0":{"name":"(anonymous_0)","decl":{"start":{"line":4,"column":25},"end":{"line":4,"column":26}},"loc":{"start":{"line":4,"column":60},"end":{"line":14,"column":1}},"line":4}},"branchMap":{},"s":{"0":1,"1":3,"2":1},"f":{"0":3},"b":{},"_coverageSchema":"1a1c01bbd47fc00a2c39e90264f33305004495a9","hash":"39a4a74c63c7550d5018aed24e782dc2bffcb392"}
,"D:\\05_Professional\\02_Formation\\01_NextJS\\00_project-1\\src\\templates\\Home\\index.jsx": {"path":"D:\\05_Professional\\02_Formation\\01_NextJS\\00_project-1\\src\\templates\\Home\\index.jsx","statementMap":{"0":{"start":{"line":11,"column":20},"end":{"line":72,"column":1}},"1":{"start":{"line":12,"column":28},"end":{"line":12,"column":40}},"2":{"start":{"line":13,"column":34},"end":{"line":13,"column":46}},"3":{"start":{"line":14,"column":26},"end":{"line":14,"column":37}},"4":{"start":{"line":15,"column":25},"end":{"line":15,"column":37}},"5":{"start":{"line":16,"column":40},"end":{"line":16,"column":52}},"6":{"start":{"line":18,"column":22},"end":{"line":18,"column":60}},"7":{"start":{"line":20,"column":24},"end":{"line":24,"column":11}},"8":{"start":{"line":22,"column":8},"end":{"line":22,"column":76}},"9":{"start":{"line":26,"column":26},"end":{"line":31,"column":8}},"10":{"start":{"line":27,"column":27},"end":{"line":27,"column":44}},"11":{"start":{"line":29,"column":4},"end":{"line":29,"column":55}},"12":{"start":{"line":30,"column":4},"end":{"line":30,"column":32}},"13":{"start":{"line":34,"column":2},"end":{"line":36,"column":38}},"14":{"start":{"line":35,"column":4},"end":{"line":35,"column":37}},"15":{"start":{"line":38,"column":24},"end":{"line":45,"column":3}},"16":{"start":{"line":39,"column":21},"end":{"line":39,"column":40}},"17":{"start":{"line":40,"column":22},"end":{"line":40,"column":71}},"18":{"start":{"line":41,"column":4},"end":{"line":41,"column":29}},"19":{"start":{"line":43,"column":4},"end":{"line":43,"column":20}},"20":{"start":{"line":44,"column":4},"end":{"line":44,"column":22}},"21":{"start":{"line":47,"column":23},"end":{"line":50,"column":3}},"22":{"start":{"line":48,"column":22},"end":{"line":48,"column":30}},"23":{"start":{"line":49,"column":4},"end":{"line":49,"column":26}},"24":{"start":{"line":52,"column":2},"end":{"line":71,"column":4}}},"fnMap":{"0":{"name":"(anonymous_0)","decl":{"start":{"line":11,"column":20},"end":{"line":11,"column":21}},"loc":{"start":{"line":11,"column":26},"end":{"line":72,"column":1}},"line":11},"1":{"name":"(anonymous_1)","decl":{"start":{"line":21,"column":22},"end":{"line":21,"column":23}},"loc":{"start":{"line":21,"column":32},"end":{"line":23,"column":7}},"line":21},"2":{"name":"(anonymous_2)","decl":{"start":{"line":26,"column":38},"end":{"line":26,"column":39}},"loc":{"start":{"line":26,"column":68},"end":{"line":31,"column":3}},"line":26},"3":{"name":"(anonymous_3)","decl":{"start":{"line":34,"column":12},"end":{"line":34,"column":13}},"loc":{"start":{"line":34,"column":18},"end":{"line":36,"column":3}},"line":34},"4":{"name":"(anonymous_4)","decl":{"start":{"line":38,"column":24},"end":{"line":38,"column":25}},"loc":{"start":{"line":38,"column":30},"end":{"line":45,"column":3}},"line":38},"5":{"name":"(anonymous_5)","decl":{"start":{"line":47,"column":23},"end":{"line":47,"column":24}},"loc":{"start":{"line":47,"column":30},"end":{"line":50,"column":3}},"line":47}},"branchMap":{"0":{"loc":{"start":{"line":20,"column":24},"end":{"line":24,"column":11}},"type":"cond-expr","locations":[{"start":{"line":21,"column":6},"end":{"line":23,"column":8}},{"start":{"line":24,"column":6},"end":{"line":24,"column":11}}],"line":20},"1":{"loc":{"start":{"line":55,"column":9},"end":{"line":59,"column":9}},"type":"binary-expr","locations":[{"start":{"line":55,"column":9},"end":{"line":55,"column":22}},{"start":{"line":56,"column":10},"end":{"line":58,"column":13}}],"line":55},"2":{"loc":{"start":{"line":64,"column":7},"end":{"line":64,"column":66}},"type":"binary-expr","locations":[{"start":{"line":64,"column":7},"end":{"line":64,"column":31}},{"start":{"line":64,"column":35},"end":{"line":64,"column":66}}],"line":64},"3":{"loc":{"start":{"line":65,"column":7},"end":{"line":65,"column":56}},"type":"binary-expr","locations":[{"start":{"line":65,"column":7},"end":{"line":65,"column":33}},{"start":{"line":65,"column":37},"end":{"line":65,"column":56}}],"line":65},"4":{"loc":{"start":{"line":68,"column":9},"end":{"line":68,"column":105}},"type":"binary-expr","locations":[{"start":{"line":68,"column":9},"end":{"line":68,"column":21}},{"start":{"line":68,"column":25},"end":{"line":68,"column":105}}],"line":68}},"s":{"0":0,"1":0,"2":0,"3":0,"4":0,"5":0,"6":0,"7":0,"8":0,"9":0,"10":0,"11":0,"12":0,"13":0,"14":0,"15":0,"16":0,"17":0,"18":0,"19":0,"20":0,"21":0,"22":0,"23":0,"24":0},"f":{"0":0,"1":0,"2":0,"3":0,"4":0,"5":0},"b":{"0":[0,0],"1":[0,0],"2":[0,0],"3":[0,0],"4":[0,0]}}
,"D:\\05_Professional\\02_Formation\\01_NextJS\\00_project-1\\src\\utils\\load-posts.js": {"path":"D:\\05_Professional\\02_Formation\\01_NextJS\\00_project-1\\src\\utils\\load-posts.js","statementMap":{"0":{"start":{"line":1,"column":25},"end":{"line":15,"column":1}},"1":{"start":{"line":2,"column":24},"end":{"line":2,"column":75}},"2":{"start":{"line":3,"column":25},"end":{"line":3,"column":77}},"3":{"start":{"line":5,"column":26},"end":{"line":5,"column":76}},"4":{"start":{"line":7,"column":20},"end":{"line":7,"column":38}},"5":{"start":{"line":8,"column":21},"end":{"line":8,"column":40}},"6":{"start":{"line":10,"column":25},"end":{"line":12,"column":4}},"7":{"start":{"line":11,"column":4},"end":{"line":11,"column":53}},"8":{"start":{"line":14,"column":2},"end":{"line":14,"column":24}}},"fnMap":{"0":{"name":"(anonymous_0)","decl":{"start":{"line":1,"column":25},"end":{"line":1,"column":26}},"loc":{"start":{"line":1,"column":37},"end":{"line":15,"column":1}},"line":1},"1":{"name":"(anonymous_1)","decl":{"start":{"line":10,"column":39},"end":{"line":10,"column":40}},"loc":{"start":{"line":10,"column":56},"end":{"line":12,"column":3}},"line":10}},"branchMap":{},"s":{"0":0,"1":0,"2":0,"3":0,"4":0,"5":0,"6":0,"7":0,"8":0},"f":{"0":0,"1":0},"b":{}}
}
